Copyright 1986-2020 Xilinx, Inc. All Rights Reserved.
---------------------------------------------------------------------------------------------------------------------------------------------------------------
| Tool Version : Vivado v.2020.2 (lin64) Build 3064766 Wed Nov 18 09:12:47 MST 2020
| Date         : Sat Oct 30 02:50:51 2021
| Host         : DESKTOP-D80LUPK running 64-bit Ubuntu 20.04.3 LTS
| Command      : report_timing -sort_by group -max_paths 100 -path_type summary -file ./../out/zedboard/led_counter/Output/route/reports/post_route_timing.rpt
| Design       : top
| Device       : 7z020-clg484
| Speed File   : -1  PRODUCTION 1.12 2019-11-22
---------------------------------------------------------------------------------------------------------------------------------------------------------------

Timing Report

Startpoint                     Endpoint                       Slack(ns)     
----------------------------------------------------------------------------
LED_PIPE_count1_a1_reg[2]/C    gen_clkF_LED_PIPE_refresh_a1/latched_clk_en_reg/D
                                                              0.166         
LED_PIPE_count1_a1_reg[20]/C   LED_PIPE_count1_a1_reg[17]/R   4.442         
LED_PIPE_count1_a1_reg[20]/C   LED_PIPE_count1_a1_reg[18]/R   4.442         
LED_PIPE_count1_a1_reg[20]/C   LED_PIPE_count1_a1_reg[19]/R   4.442         
LED_PIPE_count1_a1_reg[20]/C   LED_PIPE_count1_a1_reg[20]/R   4.442         
LED_PIPE_count1_a1_reg[20]/C   LED_PIPE_count1_a1_reg[10]/R   4.559         
LED_PIPE_count1_a1_reg[20]/C   LED_PIPE_count1_a1_reg[11]/R   4.559         
LED_PIPE_count1_a1_reg[20]/C   LED_PIPE_count1_a1_reg[12]/R   4.559         
LED_PIPE_count1_a1_reg[20]/C   LED_PIPE_count1_a1_reg[9]/R    4.559         
LED_PIPE_count1_a1_reg[20]/C   LED_PIPE_count1_a1_reg[1]/R    4.826         
LED_PIPE_count1_a1_reg[20]/C   LED_PIPE_count1_a1_reg[2]/R    4.826         
LED_PIPE_count1_a1_reg[20]/C   LED_PIPE_count1_a1_reg[3]/R    4.826         
LED_PIPE_count1_a1_reg[20]/C   LED_PIPE_count1_a1_reg[4]/R    4.826         
LED_PIPE_count1_a1_reg[20]/C   LED_PIPE_count1_a1_reg[21]/R   4.838         
LED_PIPE_count1_a1_reg[20]/C   LED_PIPE_count1_a1_reg[22]/R   4.838         
LED_PIPE_count1_a1_reg[20]/C   LED_PIPE_count1_a1_reg[23]/R   4.838         
LED_PIPE_count1_a1_reg[20]/C   LED_PIPE_count1_a1_reg[24]/R   4.838         
LED_PIPE_count1_a1_reg[20]/C   LED_PIPE_count1_a1_reg[5]/R    5.111         
LED_PIPE_count1_a1_reg[20]/C   LED_PIPE_count1_a1_reg[6]/R    5.111         
LED_PIPE_count1_a1_reg[20]/C   LED_PIPE_count1_a1_reg[7]/R    5.111         
LED_PIPE_count1_a1_reg[20]/C   LED_PIPE_count1_a1_reg[8]/R    5.111         
LED_PIPE_count1_a1_reg[20]/C   LED_PIPE_count1_a1_reg[29]/R   5.151         
LED_PIPE_count1_a1_reg[20]/C   LED_PIPE_count1_a1_reg[30]/R   5.151         
LED_PIPE_count1_a1_reg[20]/C   LED_PIPE_count1_a1_reg[31]/R   5.151         
LED_PIPE_count1_a1_reg[20]/C   LED_PIPE_count1_a1_reg[0]/R    5.206         
LED_PIPE_count1_a1_reg[20]/C   LED_PIPE_count1_a1_reg[25]/R   5.289         
LED_PIPE_count1_a1_reg[20]/C   LED_PIPE_count1_a1_reg[26]/R   5.289         
LED_PIPE_count1_a1_reg[20]/C   LED_PIPE_count1_a1_reg[27]/R   5.289         
LED_PIPE_count1_a1_reg[20]/C   LED_PIPE_count1_a1_reg[28]/R   5.289         
LED_PIPE_count1_a1_reg[20]/C   LED_PIPE_count1_a1_reg[13]/R   5.593         
LED_PIPE_count1_a1_reg[20]/C   LED_PIPE_count1_a1_reg[14]/R   5.593         
LED_PIPE_count1_a1_reg[20]/C   LED_PIPE_count1_a1_reg[15]/R   5.593         
LED_PIPE_count1_a1_reg[20]/C   LED_PIPE_count1_a1_reg[16]/R   5.593         
reset                          LED_PIPE_Leds_a0_reg[10]/R     7.105         
reset                          LED_PIPE_Leds_a0_reg[11]/R     7.105         
reset                          LED_PIPE_Leds_a0_reg[12]/R     7.105         
reset                          LED_PIPE_Leds_a0_reg[9]/R      7.105         
LED_PIPE_Leds_a0_reg[0]/C      led_reg[0]/D                   7.169         
LED_PIPE_Leds_a0_reg[6]/C      led_reg[6]/D                   7.193         
reset                          LED_PIPE_Leds_a0_reg[13]/R     7.195         
reset                          LED_PIPE_Leds_a0_reg[14]/R     7.195         
reset                          LED_PIPE_Leds_a0_reg[15]/R     7.195         
reset                          LED_PIPE_Leds_a0_reg[1]/R      7.255         
reset                          LED_PIPE_Leds_a0_reg[2]/R      7.255         
reset                          LED_PIPE_Leds_a0_reg[3]/R      7.255         
reset                          LED_PIPE_Leds_a0_reg[4]/R      7.255         
reset                          LED_PIPE_Leds_a0_reg[0]/S      7.260         
LED_PIPE_Leds_a0_reg[5]/C      led_reg[5]/D                   7.265         
LED_PIPE_Leds_a0_reg[7]/C      led_reg[7]/D                   7.280         
LED_PIPE_count1_a1_reg[2]/C    LED_PIPE_count1_a1_reg[30]/D   7.305         
LED_PIPE_Leds_a0_reg[8]/C      led_reg[8]/D                   7.312         
LED_PIPE_Leds_a0_reg[9]/C      led_reg[9]/D                   7.326         
reset                          LED_PIPE_Leds_a0_reg[5]/R      7.371         
reset                          LED_PIPE_Leds_a0_reg[6]/R      7.371         
reset                          LED_PIPE_Leds_a0_reg[7]/R      7.371         
reset                          LED_PIPE_Leds_a0_reg[8]/R      7.371         
LED_PIPE_Leds_a0_reg[2]/C      led_reg[2]/D                   7.375         
LED_PIPE_count1_a1_reg[2]/C    LED_PIPE_count1_a1_reg[31]/D   7.386         
LED_PIPE_Leds_a0_reg[1]/C      led_reg[1]/D                   7.387         
LED_PIPE_Leds_a0_reg[3]/C      led_reg[3]/D                   7.400         
LED_PIPE_Leds_a0_reg[4]/C      led_reg[4]/D                   7.402         
LED_PIPE_count1_a1_reg[2]/C    LED_PIPE_count1_a1_reg[29]/D   7.410         
LED_PIPE_count1_a1_reg[2]/C    LED_PIPE_count1_a1_reg[26]/D   7.422         
LED_PIPE_count1_a1_reg[2]/C    LED_PIPE_count1_a1_reg[28]/D   7.428         
LED_PIPE_Leds_a0_reg[13]/C     led_reg[13]/D                  7.442         
LED_PIPE_Leds_a0_reg[14]/C     led_reg[14]/D                  7.443         
LED_PIPE_count1_a1_reg[2]/C    LED_PIPE_count1_a1_reg[27]/D   7.503         
LED_PIPE_count1_a1_reg[2]/C    LED_PIPE_count1_a1_reg[25]/D   7.527         
LED_PIPE_count1_a1_reg[2]/C    LED_PIPE_count1_a1_reg[22]/D   7.539         
LED_PIPE_count1_a1_reg[2]/C    LED_PIPE_count1_a1_reg[24]/D   7.545         
LED_PIPE_Leds_a0_reg[8]/C      LED_PIPE_Leds_a0_reg[10]/D     7.594         
LED_PIPE_Leds_a0_reg[15]/C     led_reg[15]/D                  7.600         
reset                          LED_PIPE_rst1_a1_reg/D         7.612         
LED_PIPE_Leds_a0_reg[8]/C      LED_PIPE_Leds_a0_reg[12]/D     7.615         
LED_PIPE_count1_a1_reg[2]/C    LED_PIPE_count1_a1_reg[23]/D   7.620         
LED_PIPE_count1_a1_reg[2]/C    LED_PIPE_count1_a1_reg[21]/D   7.644         
LED_PIPE_count1_a1_reg[2]/C    LED_PIPE_count1_a1_reg[18]/D   7.657         
LED_PIPE_count1_a1_reg[2]/C    LED_PIPE_count1_a1_reg[20]/D   7.663         
LED_PIPE_Leds_a0_reg[8]/C      LED_PIPE_Leds_a0_reg[11]/D     7.689         
LED_PIPE_Leds_a0_reg[8]/C      LED_PIPE_Leds_a0_reg[9]/D      7.705         
LED_PIPE_Leds_a0_reg[8]/C      LED_PIPE_Leds_a0_reg[14]/D     7.708         
LED_PIPE_Leds_a0_reg[12]/C     led_reg[12]/D                  7.735         
LED_PIPE_count1_a1_reg[2]/C    LED_PIPE_count1_a1_reg[19]/D   7.738         
LED_PIPE_Leds_a0_reg[10]/C     led_reg[10]/D                  7.745         
LED_PIPE_count1_a1_reg[2]/C    LED_PIPE_count1_a1_reg[17]/D   7.762         
LED_PIPE_count1_a1_reg[2]/C    LED_PIPE_count1_a1_reg[14]/D   7.774         
LED_PIPE_count1_a1_reg[2]/C    LED_PIPE_count1_a1_reg[16]/D   7.780         
LED_PIPE_Leds_a0_reg[8]/C      LED_PIPE_Leds_a0_reg[15]/D     7.803         
LED_PIPE_Leds_a0_reg[11]/C     led_reg[11]/D                  7.813         
LED_PIPE_Leds_a0_reg[8]/C      LED_PIPE_Leds_a0_reg[13]/D     7.819         
LED_PIPE_count1_a1_reg[2]/C    LED_PIPE_count1_a1_reg[15]/D   7.855         
LED_PIPE_count1_a1_reg[2]/C    LED_PIPE_count1_a1_reg[13]/D   7.879         
LED_PIPE_count1_a1_reg[2]/C    LED_PIPE_count1_a1_reg[10]/D   7.891         
LED_PIPE_count1_a1_reg[2]/C    LED_PIPE_count1_a1_reg[12]/D   7.897         
LED_PIPE_Leds_a0_reg[0]/C      LED_PIPE_Leds_a0_reg[6]/D      7.899         
LED_PIPE_Leds_a0_reg[0]/C      LED_PIPE_Leds_a0_reg[8]/D      7.920         
LED_PIPE_count1_a1_reg[2]/C    LED_PIPE_count1_a1_reg[11]/D   7.972         
LED_PIPE_count1_a1_reg[2]/C    LED_PIPE_count1_a1_reg[6]/D    7.975         
LED_PIPE_count1_a1_reg[2]/C    LED_PIPE_count1_a1_reg[8]/D    7.981         
LED_PIPE_Leds_a0_reg[0]/C      LED_PIPE_Leds_a0_reg[7]/D      7.994         



