Copyright 1986-2020 Xilinx, Inc. All Rights Reserved.
--------------------------------------------------------------------------------------------------------------------------------------------------------------------
| Tool Version : Vivado v.2020.2 (lin64) Build 3064766 Wed Nov 18 09:12:47 MST 2020
| Date         : Sat Oct 30 02:59:04 2021
| Host         : DESKTOP-D80LUPK running 64-bit Ubuntu 20.04.3 LTS
| Command      : report_timing -sort_by group -max_paths 100 -path_type summary -file ./../out/nexys_A7_100T/led_counter/Output/route/reports/post_route_timing.rpt
| Design       : top
| Device       : 7a100t-csg324
| Speed File   : -1  PRODUCTION 1.23 2018-06-13
--------------------------------------------------------------------------------------------------------------------------------------------------------------------

Timing Report

Startpoint                     Endpoint                       Slack(ns)     
----------------------------------------------------------------------------
LED_PIPE_count1_a1_reg[2]/C    gen_clkF_LED_PIPE_refresh_a1/latched_clk_en_reg/D
                                                              0.409         
LED_PIPE_count1_a1_reg[4]/C    LED_PIPE_count1_a1_reg[1]/R    4.956         
LED_PIPE_count1_a1_reg[4]/C    LED_PIPE_count1_a1_reg[2]/R    4.956         
LED_PIPE_count1_a1_reg[4]/C    LED_PIPE_count1_a1_reg[3]/R    4.956         
LED_PIPE_count1_a1_reg[4]/C    LED_PIPE_count1_a1_reg[4]/R    4.956         
LED_PIPE_count1_a1_reg[4]/C    LED_PIPE_count1_a1_reg[0]/R    5.058         
LED_PIPE_count1_a1_reg[4]/C    LED_PIPE_count1_a1_reg[5]/R    5.062         
LED_PIPE_count1_a1_reg[4]/C    LED_PIPE_count1_a1_reg[6]/R    5.062         
LED_PIPE_count1_a1_reg[4]/C    LED_PIPE_count1_a1_reg[7]/R    5.062         
LED_PIPE_count1_a1_reg[4]/C    LED_PIPE_count1_a1_reg[8]/R    5.062         
LED_PIPE_count1_a1_reg[4]/C    LED_PIPE_count1_a1_reg[10]/R   5.223         
LED_PIPE_count1_a1_reg[4]/C    LED_PIPE_count1_a1_reg[11]/R   5.223         
LED_PIPE_count1_a1_reg[4]/C    LED_PIPE_count1_a1_reg[12]/R   5.223         
LED_PIPE_count1_a1_reg[4]/C    LED_PIPE_count1_a1_reg[9]/R    5.223         
LED_PIPE_count1_a1_reg[4]/C    LED_PIPE_count1_a1_reg[17]/R   5.286         
LED_PIPE_count1_a1_reg[4]/C    LED_PIPE_count1_a1_reg[18]/R   5.286         
LED_PIPE_count1_a1_reg[4]/C    LED_PIPE_count1_a1_reg[19]/R   5.286         
LED_PIPE_count1_a1_reg[4]/C    LED_PIPE_count1_a1_reg[20]/R   5.286         
LED_PIPE_count1_a1_reg[4]/C    LED_PIPE_count1_a1_reg[13]/R   5.374         
LED_PIPE_count1_a1_reg[4]/C    LED_PIPE_count1_a1_reg[14]/R   5.374         
LED_PIPE_count1_a1_reg[4]/C    LED_PIPE_count1_a1_reg[15]/R   5.374         
LED_PIPE_count1_a1_reg[4]/C    LED_PIPE_count1_a1_reg[16]/R   5.374         
LED_PIPE_count1_a1_reg[4]/C    LED_PIPE_count1_a1_reg[21]/R   5.434         
LED_PIPE_count1_a1_reg[4]/C    LED_PIPE_count1_a1_reg[22]/R   5.434         
LED_PIPE_count1_a1_reg[4]/C    LED_PIPE_count1_a1_reg[23]/R   5.434         
LED_PIPE_count1_a1_reg[4]/C    LED_PIPE_count1_a1_reg[24]/R   5.434         
LED_PIPE_count1_a1_reg[4]/C    LED_PIPE_count1_a1_reg[29]/R   5.534         
LED_PIPE_count1_a1_reg[4]/C    LED_PIPE_count1_a1_reg[30]/R   5.534         
LED_PIPE_count1_a1_reg[4]/C    LED_PIPE_count1_a1_reg[31]/R   5.534         
LED_PIPE_count1_a1_reg[4]/C    LED_PIPE_count1_a1_reg[25]/R   5.673         
LED_PIPE_count1_a1_reg[4]/C    LED_PIPE_count1_a1_reg[26]/R   5.673         
LED_PIPE_count1_a1_reg[4]/C    LED_PIPE_count1_a1_reg[27]/R   5.673         
LED_PIPE_count1_a1_reg[4]/C    LED_PIPE_count1_a1_reg[28]/R   5.673         
reset                          LED_PIPE_Leds_a0_reg[0]/S      6.586         
reset                          LED_PIPE_Leds_a0_reg[1]/R      6.627         
reset                          LED_PIPE_Leds_a0_reg[2]/R      6.627         
reset                          LED_PIPE_Leds_a0_reg[3]/R      6.627         
reset                          LED_PIPE_Leds_a0_reg[4]/R      6.627         
reset                          LED_PIPE_Leds_a0_reg[10]/R     6.636         
reset                          LED_PIPE_Leds_a0_reg[11]/R     6.636         
reset                          LED_PIPE_Leds_a0_reg[12]/R     6.636         
reset                          LED_PIPE_Leds_a0_reg[9]/R      6.636         
reset                          LED_PIPE_Leds_a0_reg[13]/R     6.924         
reset                          LED_PIPE_Leds_a0_reg[14]/R     6.924         
reset                          LED_PIPE_Leds_a0_reg[15]/R     6.924         
reset                          LED_PIPE_Leds_a0_reg[5]/R      6.961         
reset                          LED_PIPE_Leds_a0_reg[6]/R      6.961         
reset                          LED_PIPE_Leds_a0_reg[7]/R      6.961         
reset                          LED_PIPE_Leds_a0_reg[8]/R      6.961         
reset                          LED_PIPE_rst1_a1_reg/D         7.176         
LED_PIPE_count1_a1_reg[2]/C    LED_PIPE_count1_a1_reg[30]/D   7.225         
LED_PIPE_count1_a1_reg[2]/C    LED_PIPE_count1_a1_reg[31]/D   7.317         
LED_PIPE_count1_a1_reg[2]/C    LED_PIPE_count1_a1_reg[29]/D   7.338         
LED_PIPE_count1_a1_reg[2]/C    LED_PIPE_count1_a1_reg[26]/D   7.340         
LED_PIPE_count1_a1_reg[2]/C    LED_PIPE_count1_a1_reg[28]/D   7.359         
LED_PIPE_count1_a1_reg[2]/C    LED_PIPE_count1_a1_reg[27]/D   7.432         
LED_PIPE_count1_a1_reg[2]/C    LED_PIPE_count1_a1_reg[25]/D   7.453         
LED_PIPE_count1_a1_reg[2]/C    LED_PIPE_count1_a1_reg[22]/D   7.454         
LED_PIPE_count1_a1_reg[2]/C    LED_PIPE_count1_a1_reg[24]/D   7.473         
LED_PIPE_count1_a1_reg[2]/C    LED_PIPE_count1_a1_reg[23]/D   7.546         
LED_PIPE_count1_a1_reg[2]/C    LED_PIPE_count1_a1_reg[21]/D   7.567         
LED_PIPE_count1_a1_reg[2]/C    LED_PIPE_count1_a1_reg[18]/D   7.568         
LED_PIPE_count1_a1_reg[2]/C    LED_PIPE_count1_a1_reg[20]/D   7.587         
LED_PIPE_count1_a1_reg[2]/C    LED_PIPE_count1_a1_reg[19]/D   7.660         
LED_PIPE_count1_a1_reg[2]/C    LED_PIPE_count1_a1_reg[17]/D   7.681         
LED_PIPE_Leds_a0_reg[0]/C      LED_PIPE_Leds_a0_reg[10]/D     7.752         
LED_PIPE_Leds_a0_reg[0]/C      LED_PIPE_Leds_a0_reg[14]/D     7.757         
LED_PIPE_Leds_a0_reg[0]/C      LED_PIPE_Leds_a0_reg[12]/D     7.773         
LED_PIPE_count1_a1_reg[2]/C    LED_PIPE_count1_a1_reg[14]/D   7.794         
LED_PIPE_count1_a1_reg[2]/C    LED_PIPE_count1_a1_reg[16]/D   7.813         
LED_PIPE_Leds_a0_reg[0]/C      LED_PIPE_Leds_a0_reg[11]/D     7.847         
LED_PIPE_Leds_a0_reg[0]/C      LED_PIPE_Leds_a0_reg[15]/D     7.852         
LED_PIPE_Leds_a0_reg[0]/C      LED_PIPE_Leds_a0_reg[9]/D      7.863         
LED_PIPE_Leds_a0_reg[0]/C      LED_PIPE_Leds_a0_reg[13]/D     7.868         
LED_PIPE_count1_a1_reg[0]/C    LED_PIPE_count1_a1_reg[0]/D    7.883         
LED_PIPE_count1_a1_reg[2]/C    LED_PIPE_count1_a1_reg[15]/D   7.886         
LED_PIPE_Leds_a0_reg[0]/C      LED_PIPE_Leds_a0_reg[6]/D      7.901         
LED_PIPE_count1_a1_reg[2]/C    LED_PIPE_count1_a1_reg[13]/D   7.907         
LED_PIPE_count1_a1_reg[2]/C    LED_PIPE_count1_a1_reg[10]/D   7.908         
LED_PIPE_Leds_a0_reg[0]/C      LED_PIPE_Leds_a0_reg[8]/D      7.922         
LED_PIPE_count1_a1_reg[2]/C    LED_PIPE_count1_a1_reg[12]/D   7.927         
LED_PIPE_Leds_a0_reg[0]/C      LED_PIPE_Leds_a0_reg[7]/D      7.996         
LED_PIPE_count1_a1_reg[2]/C    LED_PIPE_count1_a1_reg[11]/D   8.000         
LED_PIPE_Leds_a0_reg[0]/C      LED_PIPE_Leds_a0_reg[5]/D      8.012         
LED_PIPE_count1_a1_reg[2]/C    LED_PIPE_count1_a1_reg[9]/D    8.021         
LED_PIPE_count1_a1_reg[2]/C    LED_PIPE_count1_a1_reg[6]/D    8.022         
LED_PIPE_Leds_a0_reg[8]/C      led_reg[8]/D                   8.033         
LED_PIPE_Leds_a0_reg[12]/C     led_reg[12]/D                  8.036         
LED_PIPE_count1_a1_reg[2]/C    LED_PIPE_count1_a1_reg[8]/D    8.041         
LED_PIPE_count1_a1_reg[2]/C    LED_PIPE_count1_a1_reg[7]/D    8.114         
LED_PIPE_count1_a1_reg[2]/C    LED_PIPE_count1_a1_reg[5]/D    8.135         
LED_PIPE_Leds_a0_reg[0]/C      LED_PIPE_Leds_a0_reg[4]/D      8.164         
LED_PIPE_Leds_a0_reg[0]/C      led_reg[0]/D                   8.168         
LED_PIPE_Leds_a0_reg[7]/C      led_reg[7]/D                   8.179         
LED_PIPE_Leds_a0_reg[13]/C     led_reg[13]/D                  8.188         
LED_PIPE_Leds_a0_reg[14]/C     led_reg[14]/D                  8.201         
LED_PIPE_Leds_a0_reg[0]/C      LED_PIPE_Leds_a0_reg[2]/D      8.208         
LED_PIPE_Leds_a0_reg[1]/C      led_reg[1]/D                   8.217         
LED_PIPE_Leds_a0_reg[0]/C      LED_PIPE_Leds_a0_reg[3]/D      8.222         
LED_PIPE_Leds_a0_reg[6]/C      led_reg[6]/D                   8.261         



