Copyright 1986-2020 Xilinx, Inc. All Rights Reserved.
-----------------------------------------------------------------------------------------------------------
| Tool Version : Vivado v.2020.2 (lin64) Build 3064766 Wed Nov 18 09:12:47 MST 2020
| Date         : Sat Oct 30 02:59:15 2021
| Host         : DESKTOP-D80LUPK running 64-bit Ubuntu 20.04.3 LTS
| Command      : report_drc -file ./../out/nexys_A7_100T/led_counter/Output/route/reports/post_imp_drc.rpt
| Design       : top
| Device       : xc7a100tcsg324-1
| Speed File   : -1
| Design State : Fully Routed
-----------------------------------------------------------------------------------------------------------

Report DRC

Table of Contents
-----------------
1. REPORT SUMMARY
2. REPORT DETAILS

1. REPORT SUMMARY
-----------------
            Netlist: top
          Floorplan: design_1
      Design limits: <entire design considered>
           Ruledeck: default
             Max violations: <unlimited>
             Violations found: 3
+-------------+----------+-------------------------------------------------------------+------------+
| Rule        | Severity | Description                                                 | Violations |
+-------------+----------+-------------------------------------------------------------+------------+
| CFGBVS-1    | Warning  | Missing CFGBVS and CONFIG_VOLTAGE Design Properties         | 1          |
| PDRC-153    | Warning  | Gated clock check                                           | 1          |
| PLHOLDVIO-2 | Warning  | Non-Optimal connections which could lead to hold violations | 1          |
+-------------+----------+-------------------------------------------------------------+------------+

2. REPORT DETAILS
-----------------
CFGBVS-1#1 Warning
Missing CFGBVS and CONFIG_VOLTAGE Design Properties  
Neither the CFGBVS nor CONFIG_VOLTAGE voltage property is set in the current_design.  Configuration bank voltage select (CFGBVS) must be set to VCCO or GND, and CONFIG_VOLTAGE must be set to the correct configuration voltage, in order to determine the I/O voltage support for the pins in bank 0.  It is suggested to specify these either using the 'Edit Device Properties' function in the GUI or directly in the XDC file using the following syntax:

 set_property CFGBVS value1 [current_design]
 #where value1 is either VCCO or GND

 set_property CONFIG_VOLTAGE value2 [current_design]
 #where value2 is the voltage provided to configuration bank 0

Refer to the device configuration user guide for more information.
Related violations: <none>

PDRC-153#1 Warning
Gated clock check  
Net gen_clkF_LED_PIPE_refresh_a1/CLK is a gated clock net sourced by a combinational pin gen_clkF_LED_PIPE_refresh_a1/LED_PIPE_Leds_a0[15]_i_2/O, cell gen_clkF_LED_PIPE_refresh_a1/LED_PIPE_Leds_a0[15]_i_2. This is not good design practice and will likely impact performance. For SLICE registers, for example, use the CE pin to control the loading of data.
Related violations: <none>

PLHOLDVIO-2#1 Warning
Non-Optimal connections which could lead to hold violations  
A LUT gen_clkF_LED_PIPE_refresh_a1/LED_PIPE_Leds_a0[15]_i_2 is driving clock pin of 16 cells. This could lead to large hold time violations. Involved cells are:
LED_PIPE_Leds_a0_reg[0], LED_PIPE_Leds_a0_reg[10],
LED_PIPE_Leds_a0_reg[11], LED_PIPE_Leds_a0_reg[12],
LED_PIPE_Leds_a0_reg[13], LED_PIPE_Leds_a0_reg[14],
LED_PIPE_Leds_a0_reg[15], LED_PIPE_Leds_a0_reg[1], LED_PIPE_Leds_a0_reg[2],
LED_PIPE_Leds_a0_reg[3], LED_PIPE_Leds_a0_reg[4], LED_PIPE_Leds_a0_reg[5],
LED_PIPE_Leds_a0_reg[6], LED_PIPE_Leds_a0_reg[7], LED_PIPE_Leds_a0_reg[8]
 (the first 15 of 16 listed)
Related violations: <none>


