Copyright 1986-2020 Xilinx, Inc. All Rights Reserved.
-------------------------------------------------------------------------------------------------------------------------------------------------------------------
| Tool Version : Vivado v.2020.2 (lin64) Build 3064766 Wed Nov 18 09:12:47 MST 2020
| Date         : Sat Oct 30 02:37:08 2021
| Host         : DESKTOP-D80LUPK running 64-bit Ubuntu 20.04.3 LTS
| Command      : report_timing -sort_by group -max_paths 100 -path_type summary -file ./../out/edge_artix-7/led_counter/Output/route/reports/post_route_timing.rpt
| Design       : top
| Device       : 7a35t-ftg256
| Speed File   : -1  PRODUCTION 1.23 2018-06-13
-------------------------------------------------------------------------------------------------------------------------------------------------------------------

Timing Report

Startpoint                     Endpoint                       Slack(ns)     
----------------------------------------------------------------------------
LED_PIPE_count1_a1_reg[2]/C    gen_clkF_LED_PIPE_refresh_a1/latched_clk_en_reg/D
                                                              0.419         
LED_PIPE_count1_a1_reg[0]/C    LED_PIPE_count1_a1_reg[1]/R    5.276         
LED_PIPE_count1_a1_reg[0]/C    LED_PIPE_count1_a1_reg[2]/R    5.276         
LED_PIPE_count1_a1_reg[0]/C    LED_PIPE_count1_a1_reg[3]/R    5.276         
LED_PIPE_count1_a1_reg[0]/C    LED_PIPE_count1_a1_reg[4]/R    5.276         
LED_PIPE_count1_a1_reg[0]/C    LED_PIPE_count1_a1_reg[5]/R    5.408         
LED_PIPE_count1_a1_reg[0]/C    LED_PIPE_count1_a1_reg[6]/R    5.408         
LED_PIPE_count1_a1_reg[0]/C    LED_PIPE_count1_a1_reg[7]/R    5.408         
LED_PIPE_count1_a1_reg[0]/C    LED_PIPE_count1_a1_reg[8]/R    5.408         
LED_PIPE_count1_a1_reg[0]/C    LED_PIPE_count1_a1_reg[0]/R    5.426         
LED_PIPE_count1_a1_reg[0]/C    LED_PIPE_count1_a1_reg[10]/R   5.567         
LED_PIPE_count1_a1_reg[0]/C    LED_PIPE_count1_a1_reg[11]/R   5.567         
LED_PIPE_count1_a1_reg[0]/C    LED_PIPE_count1_a1_reg[12]/R   5.567         
LED_PIPE_count1_a1_reg[0]/C    LED_PIPE_count1_a1_reg[9]/R    5.567         
LED_PIPE_count1_a1_reg[0]/C    LED_PIPE_count1_a1_reg[25]/R   5.612         
LED_PIPE_count1_a1_reg[0]/C    LED_PIPE_count1_a1_reg[26]/R   5.612         
LED_PIPE_count1_a1_reg[0]/C    LED_PIPE_count1_a1_reg[27]/R   5.612         
LED_PIPE_count1_a1_reg[0]/C    LED_PIPE_count1_a1_reg[28]/R   5.612         
LED_PIPE_Leds_a0_reg[4]/C      LED_PIPE_Leds_a0_reg[14]/D     5.711         
LED_PIPE_count1_a1_reg[0]/C    LED_PIPE_count1_a1_reg[17]/R   5.719         
LED_PIPE_count1_a1_reg[0]/C    LED_PIPE_count1_a1_reg[18]/R   5.719         
LED_PIPE_count1_a1_reg[0]/C    LED_PIPE_count1_a1_reg[19]/R   5.719         
LED_PIPE_count1_a1_reg[0]/C    LED_PIPE_count1_a1_reg[20]/R   5.719         
LED_PIPE_count1_a1_reg[0]/C    LED_PIPE_count1_a1_reg[29]/R   5.759         
LED_PIPE_count1_a1_reg[0]/C    LED_PIPE_count1_a1_reg[30]/R   5.759         
LED_PIPE_count1_a1_reg[0]/C    LED_PIPE_count1_a1_reg[31]/R   5.759         
LED_PIPE_Leds_a0_reg[4]/C      LED_PIPE_Leds_a0_reg[15]/D     5.795         
LED_PIPE_Leds_a0_reg[4]/C      LED_PIPE_Leds_a0_reg[13]/D     5.815         
LED_PIPE_Leds_a0_reg[4]/C      LED_PIPE_Leds_a0_reg[10]/D     5.864         
LED_PIPE_Leds_a0_reg[4]/C      LED_PIPE_Leds_a0_reg[12]/D     5.872         
LED_PIPE_count1_a1_reg[0]/C    LED_PIPE_count1_a1_reg[21]/R   5.912         
LED_PIPE_count1_a1_reg[0]/C    LED_PIPE_count1_a1_reg[22]/R   5.912         
LED_PIPE_count1_a1_reg[0]/C    LED_PIPE_count1_a1_reg[23]/R   5.912         
LED_PIPE_count1_a1_reg[0]/C    LED_PIPE_count1_a1_reg[24]/R   5.912         
LED_PIPE_Leds_a0_reg[4]/C      LED_PIPE_Leds_a0_reg[11]/D     5.948         
LED_PIPE_Leds_a0_reg[4]/C      LED_PIPE_Leds_a0_reg[9]/D      5.968         
LED_PIPE_count1_a1_reg[0]/C    LED_PIPE_count1_a1_reg[13]/R   6.051         
LED_PIPE_count1_a1_reg[0]/C    LED_PIPE_count1_a1_reg[14]/R   6.051         
LED_PIPE_count1_a1_reg[0]/C    LED_PIPE_count1_a1_reg[15]/R   6.051         
LED_PIPE_count1_a1_reg[0]/C    LED_PIPE_count1_a1_reg[16]/R   6.051         
LED_PIPE_Leds_a0_reg[4]/C      LED_PIPE_Leds_a0_reg[6]/D      6.093         
LED_PIPE_Leds_a0_reg[4]/C      LED_PIPE_Leds_a0_reg[8]/D      6.101         
LED_PIPE_Leds_a0_reg[4]/C      LED_PIPE_Leds_a0_reg[7]/D      6.177         
LED_PIPE_Leds_a0_reg[4]/C      LED_PIPE_Leds_a0_reg[5]/D      6.197         
LED_PIPE_Leds_a0_reg[4]/C      LED_PIPE_Leds_a0_reg[4]/D      6.612         
reset                          LED_PIPE_Leds_a0_reg[10]/R     7.328         
reset                          LED_PIPE_Leds_a0_reg[11]/R     7.328         
reset                          LED_PIPE_Leds_a0_reg[12]/R     7.328         
reset                          LED_PIPE_Leds_a0_reg[9]/R      7.328         
LED_PIPE_count1_a1_reg[2]/C    LED_PIPE_count1_a1_reg[30]/D   7.332         
reset                          LED_PIPE_Leds_a0_reg[13]/R     7.406         
reset                          LED_PIPE_Leds_a0_reg[14]/R     7.406         
reset                          LED_PIPE_Leds_a0_reg[15]/R     7.406         
LED_PIPE_count1_a1_reg[2]/C    LED_PIPE_count1_a1_reg[31]/D   7.424         
LED_PIPE_count1_a1_reg[2]/C    LED_PIPE_count1_a1_reg[29]/D   7.445         
LED_PIPE_count1_a1_reg[2]/C    LED_PIPE_count1_a1_reg[26]/D   7.447         
LED_PIPE_count1_a1_reg[2]/C    LED_PIPE_count1_a1_reg[28]/D   7.466         
reset                          LED_PIPE_Leds_a0_reg[1]/R      7.538         
reset                          LED_PIPE_Leds_a0_reg[2]/R      7.538         
reset                          LED_PIPE_Leds_a0_reg[3]/R      7.538         
reset                          LED_PIPE_Leds_a0_reg[4]/R      7.538         
LED_PIPE_count1_a1_reg[2]/C    LED_PIPE_count1_a1_reg[27]/D   7.539         
LED_PIPE_count1_a1_reg[2]/C    LED_PIPE_count1_a1_reg[25]/D   7.560         
LED_PIPE_count1_a1_reg[2]/C    LED_PIPE_count1_a1_reg[22]/D   7.561         
LED_PIPE_count1_a1_reg[2]/C    LED_PIPE_count1_a1_reg[24]/D   7.580         
LED_PIPE_count1_a1_reg[2]/C    LED_PIPE_count1_a1_reg[23]/D   7.653         
LED_PIPE_count1_a1_reg[2]/C    LED_PIPE_count1_a1_reg[21]/D   7.674         
LED_PIPE_count1_a1_reg[2]/C    LED_PIPE_count1_a1_reg[18]/D   7.676         
reset                          LED_PIPE_Leds_a0_reg[5]/R      7.685         
reset                          LED_PIPE_Leds_a0_reg[6]/R      7.685         
reset                          LED_PIPE_Leds_a0_reg[7]/R      7.685         
reset                          LED_PIPE_Leds_a0_reg[8]/R      7.685         
LED_PIPE_count1_a1_reg[2]/C    LED_PIPE_count1_a1_reg[20]/D   7.695         
LED_PIPE_Leds_a0_reg[3]/C      led_reg[3]/D                   7.702         
LED_PIPE_Leds_a0_reg[14]/C     led_reg[14]/D                  7.717         
LED_PIPE_count1_a1_reg[2]/C    LED_PIPE_count1_a1_reg[19]/D   7.768         
reset                          LED_PIPE_Leds_a0_reg[0]/S      7.780         
LED_PIPE_count1_a1_reg[2]/C    LED_PIPE_count1_a1_reg[17]/D   7.789         
LED_PIPE_count1_a1_reg[2]/C    LED_PIPE_count1_a1_reg[14]/D   7.791         
LED_PIPE_count1_a1_reg[0]/C    LED_PIPE_count1_a1_reg[0]/D    7.804         
LED_PIPE_count1_a1_reg[2]/C    LED_PIPE_count1_a1_reg[16]/D   7.810         
LED_PIPE_count1_a1_reg[2]/C    LED_PIPE_count1_a1_reg[15]/D   7.883         
LED_PIPE_count1_a1_reg[2]/C    LED_PIPE_count1_a1_reg[13]/D   7.904         
LED_PIPE_count1_a1_reg[2]/C    LED_PIPE_count1_a1_reg[10]/D   7.906         
LED_PIPE_Leds_a0_reg[2]/C      led_reg[2]/D                   7.910         
LED_PIPE_count1_a1_reg[2]/C    LED_PIPE_count1_a1_reg[12]/D   7.925         
LED_PIPE_count1_a1_reg[2]/C    LED_PIPE_count1_a1_reg[11]/D   7.998         
LED_PIPE_count1_a1_reg[2]/C    LED_PIPE_count1_a1_reg[9]/D    8.019         
LED_PIPE_count1_a1_reg[2]/C    LED_PIPE_count1_a1_reg[6]/D    8.020         
LED_PIPE_count1_a1_reg[2]/C    LED_PIPE_count1_a1_reg[8]/D    8.039         
reset                          LED_PIPE_rst1_a1_reg/D         8.040         
LED_PIPE_count1_a1_reg[2]/C    LED_PIPE_count1_a1_reg[7]/D    8.112         
LED_PIPE_count1_a1_reg[2]/C    LED_PIPE_count1_a1_reg[5]/D    8.133         
LED_PIPE_Leds_a0_reg[2]/C      LED_PIPE_Leds_a0_reg[3]/D      8.299         
LED_PIPE_count1_a1_reg[2]/C    LED_PIPE_count1_a1_reg[4]/D    8.304         
LED_PIPE_Leds_a0_reg[13]/C     led_reg[13]/D                  8.307         
LED_PIPE_count1_a1_reg[2]/C    LED_PIPE_count1_a1_reg[3]/D    8.364         
LED_PIPE_Leds_a0_reg[1]/C      LED_PIPE_Leds_a0_reg[2]/D      8.471         
LED_PIPE_Leds_a0_reg[7]/C      led_reg[7]/D                   8.478         
LED_PIPE_Leds_a0_reg[5]/C      led_reg[5]/D                   8.481         



