Copyright 1986-2020 Xilinx, Inc. All Rights Reserved.
----------------------------------------------------------------------------------------------------------------------------
| Tool Version : Vivado v.2020.2 (lin64) Build 3064766 Wed Nov 18 09:12:47 MST 2020
| Date         : Sat Oct 30 02:50:05 2021
| Host         : DESKTOP-D80LUPK running 64-bit Ubuntu 20.04.3 LTS
| Command      : report_timing_summary -file ./../out/zedboard/led_counter/Output/syn/reports/post_synth_timing_summary.rpt
| Design       : top
| Device       : 7z020-clg484
| Speed File   : -1  PRODUCTION 1.12 2019-11-22
----------------------------------------------------------------------------------------------------------------------------

Timing Summary Report

------------------------------------------------------------------------------------------------
| Timer Settings
| --------------
------------------------------------------------------------------------------------------------

  Enable Multi Corner Analysis               :  Yes
  Enable Pessimism Removal                   :  Yes
  Pessimism Removal Resolution               :  Nearest Common Node
  Enable Input Delay Default Clock           :  No
  Enable Preset / Clear Arcs                 :  No
  Disable Flight Delays                      :  No
  Ignore I/O Paths                           :  No
  Timing Early Launch at Borrowing Latches   :  No
  Borrow Time for Max Delay Exceptions       :  Yes
  Merge Timing Exceptions                    :  Yes

  Corner  Analyze    Analyze    
  Name    Max Paths  Min Paths  
  ------  ---------  ---------  
  Slow    Yes        Yes        
  Fast    Yes        Yes        



check_timing report

Table of Contents
-----------------
1. checking no_clock (0)
2. checking constant_clock (0)
3. checking pulse_width_clock (0)
4. checking unconstrained_internal_endpoints (0)
5. checking no_input_delay (0)
6. checking no_output_delay (16)
7. checking multiple_clock (0)
8. checking generated_clocks (0)
9. checking loops (0)
10. checking partial_input_delay (0)
11. checking partial_output_delay (0)
12. checking latch_loops (0)

1. checking no_clock (0)
------------------------
 There are 0 register/latch pins with no clock.


2. checking constant_clock (0)
------------------------------
 There are 0 register/latch pins with constant_clock.


3. checking pulse_width_clock (0)
---------------------------------
 There are 0 register/latch pins which need pulse_width check


4. checking unconstrained_internal_endpoints (0)
------------------------------------------------
 There are 0 pins that are not constrained for maximum delay.

 There are 0 pins that are not constrained for maximum delay due to constant clock.


5. checking no_input_delay (0)
------------------------------
 There are 0 input ports with no input delay specified.

 There are 0 input ports with no input delay but user has a false path constraint.


6. checking no_output_delay (16)
--------------------------------
 There are 16 ports with no output delay specified. (HIGH)

 There are 0 ports with no output delay but user has a false path constraint

 There are 0 ports with no output delay but with a timing clock defined on it or propagating through it


7. checking multiple_clock (0)
------------------------------
 There are 0 register/latch pins with multiple clocks.


8. checking generated_clocks (0)
--------------------------------
 There are 0 generated clocks that are not connected to a clock source.


9. checking loops (0)
---------------------
 There are 0 combinational loops in the design.


10. checking partial_input_delay (0)
------------------------------------
 There are 0 input ports with partial input delay specified.


11. checking partial_output_delay (0)
-------------------------------------
 There are 0 ports with partial output delay specified.


12. checking latch_loops (0)
----------------------------
 There are 0 combinational latch loops in the design through latch input



------------------------------------------------------------------------------------------------
| Design Timing Summary
| ---------------------
------------------------------------------------------------------------------------------------

    WNS(ns)      TNS(ns)  TNS Failing Endpoints  TNS Total Endpoints      WHS(ns)      THS(ns)  THS Failing Endpoints  THS Total Endpoints     WPWS(ns)     TPWS(ns)  TPWS Failing Endpoints  TPWS Total Endpoints  
    -------      -------  ---------------------  -------------------      -------      -------  ---------------------  -------------------     --------     --------  ----------------------  --------------------  
      0.000        0.000                      0                  114       -1.063      -15.363                     17                  114        4.500        0.000                       0                    67  


Timing constraints are not met.


------------------------------------------------------------------------------------------------
| Clock Summary
| -------------
------------------------------------------------------------------------------------------------

Clock  Waveform(ns)       Period(ns)      Frequency(MHz)
-----  ------------       ----------      --------------
clk    {0.000 5.000}      10.000          100.000         


------------------------------------------------------------------------------------------------
| Intra Clock Table
| -----------------
------------------------------------------------------------------------------------------------

Clock             WNS(ns)      TNS(ns)  TNS Failing Endpoints  TNS Total Endpoints      WHS(ns)      THS(ns)  THS Failing Endpoints  THS Total Endpoints     WPWS(ns)     TPWS(ns)  TPWS Failing Endpoints  TPWS Total Endpoints  
-----             -------      -------  ---------------------  -------------------      -------      -------  ---------------------  -------------------     --------     --------  ----------------------  --------------------  
clk                 0.000        0.000                      0                  114       -1.063      -15.363                     17                  114        4.500        0.000                       0                    67  


------------------------------------------------------------------------------------------------
| Inter Clock Table
| -----------------
------------------------------------------------------------------------------------------------

From Clock    To Clock          WNS(ns)      TNS(ns)  TNS Failing Endpoints  TNS Total Endpoints      WHS(ns)      THS(ns)  THS Failing Endpoints  THS Total Endpoints  
----------    --------          -------      -------  ---------------------  -------------------      -------      -------  ---------------------  -------------------  


------------------------------------------------------------------------------------------------
| Other Path Groups Table
| -----------------------
------------------------------------------------------------------------------------------------

Path Group    From Clock    To Clock          WNS(ns)      TNS(ns)  TNS Failing Endpoints  TNS Total Endpoints      WHS(ns)      THS(ns)  THS Failing Endpoints  THS Total Endpoints  
----------    ----------    --------          -------      -------  ---------------------  -------------------      -------      -------  ---------------------  -------------------  


------------------------------------------------------------------------------------------------
| Timing Details
| --------------
------------------------------------------------------------------------------------------------


---------------------------------------------------------------------------------------------------
From Clock:  clk
  To Clock:  clk

Setup :            0  Failing Endpoints,  Worst Slack        0.000ns,  Total Violation        0.000ns
Hold  :           17  Failing Endpoints,  Worst Slack       -1.063ns,  Total Violation      -15.363ns
PW    :            0  Failing Endpoints,  Worst Slack        4.500ns,  Total Violation        0.000ns
---------------------------------------------------------------------------------------------------


Max Delay Paths
--------------------------------------------------------------------------------------
Slack (MET) :             0.000ns  (required time - arrival time)
  Source:                 LED_PIPE_count1_a1_reg[2]/C
                            (rising edge-triggered cell FDRE clocked by clk  {rise@0.000ns fall@5.000ns period=10.000ns})
  Destination:            gen_clkF_LED_PIPE_refresh_a1/latched_clk_en_reg/D
                            (negative level-sensitive latch clocked by clk  {rise@0.000ns fall@5.000ns period=10.000ns})
  Path Group:             clk
  Path Type:              Setup (Max at Slow Process Corner)
  Requirement:            5.000ns  (clk fall@5.000ns - clk rise@0.000ns)
  Data Path Delay:        5.647ns  (logic 2.291ns (40.570%)  route 3.356ns (59.430%))
  Logic Levels:           8  (CARRY4=5 LUT4=2 LUT6=1)
  Clock Path Skew:        -0.145ns (DCD - SCD + CPR)
    Destination Clock Delay (DCD):    2.709ns = ( 7.709 - 5.000 ) 
    Source Clock Delay      (SCD):    2.975ns
    Clock Pessimism Removal (CPR):    0.121ns
  Clock Uncertainty:      0.035ns  ((TSJ^2 + TIJ^2)^1/2 + DJ) / 2 + PE
    Total System Jitter     (TSJ):    0.071ns
    Total Input Jitter      (TIJ):    0.000ns
    Discrete Jitter          (DJ):    0.000ns
    Phase Error              (PE):    0.000ns
  Time Borrowing:         
    Nominal pulse width:              5.000ns
    Library setup time:               0.051ns
    Computed max time borrow:         5.051ns
    Time borrowed from endpoint:      0.827ns
    Open edge uncertainty:           -0.035ns
    Time given to startpoint:         0.792ns

    Location             Delay type                Incr(ns)  Path(ns)    Netlist Resource(s)
  -------------------------------------------------------------------    -------------------
                         (clock clk rise edge)        0.000     0.000 r  
    Y9                                                0.000     0.000 r  clk (IN)
                         net (fo=0)                   0.000     0.000    clk
    Y9                   IBUF (Prop_ibuf_I_O)         1.490     1.490 r  clk_IBUF_inst/O
                         net (fo=2, unplaced)         0.800     2.290    clk_IBUF
                         BUFG (Prop_bufg_I_O)         0.101     2.391 r  clk_IBUF_BUFG_inst/O
                         net (fo=50, unplaced)        0.584     2.975    clk_IBUF_BUFG
                         FDRE                                         r  LED_PIPE_count1_a1_reg[2]/C
  -------------------------------------------------------------------    -------------------
                         FDRE (Prop_fdre_C_Q)         0.478     3.453 r  LED_PIPE_count1_a1_reg[2]/Q
                         net (fo=2, unplaced)         0.871     4.324    LED_PIPE_count1_a1[2]
                         CARRY4 (Prop_carry4_S[1]_CO[3])
                                                      0.657     4.981 r  LED_PIPE_count1_a1_reg[4]_i_1/CO[3]
                         net (fo=1, unplaced)         0.009     4.990    LED_PIPE_count1_a1_reg[4]_i_1_n_0
                         CARRY4 (Prop_carry4_CI_CO[3])
                                                      0.117     5.107 r  LED_PIPE_count1_a1_reg[8]_i_1/CO[3]
                         net (fo=1, unplaced)         0.000     5.107    LED_PIPE_count1_a1_reg[8]_i_1_n_0
                         CARRY4 (Prop_carry4_CI_CO[3])
                                                      0.117     5.224 r  LED_PIPE_count1_a1_reg[12]_i_1/CO[3]
                         net (fo=1, unplaced)         0.000     5.224    LED_PIPE_count1_a1_reg[12]_i_1_n_0
                         CARRY4 (Prop_carry4_CI_CO[3])
                                                      0.117     5.341 r  LED_PIPE_count1_a1_reg[16]_i_1/CO[3]
                         net (fo=1, unplaced)         0.000     5.341    LED_PIPE_count1_a1_reg[16]_i_1_n_0
                         CARRY4 (Prop_carry4_CI_O[2])
                                                      0.256     5.597 r  LED_PIPE_count1_a1_reg[20]_i_1/O[2]
                         net (fo=2, unplaced)         1.125     6.722    gen_clkF_LED_PIPE_refresh_a1/latched_clk_en_reg_i_3_1[2]
                         LUT6 (Prop_lut6_I0_O)        0.301     7.023 r  gen_clkF_LED_PIPE_refresh_a1/latched_clk_en_reg_i_8/O
                         net (fo=1, unplaced)         0.902     7.925    gen_clkF_LED_PIPE_refresh_a1/latched_clk_en_reg_i_8_n_0
                         LUT4 (Prop_lut4_I2_O)        0.124     8.049 r  gen_clkF_LED_PIPE_refresh_a1/latched_clk_en_reg_i_3/O
                         net (fo=1, unplaced)         0.449     8.498    gen_clkF_LED_PIPE_refresh_a1/latched_clk_en_reg_i_3_n_0
                         LUT4 (Prop_lut4_I0_O)        0.124     8.622 r  gen_clkF_LED_PIPE_refresh_a1/latched_clk_en_reg_i_1/O
                         net (fo=1, unplaced)         0.000     8.622    gen_clkF_LED_PIPE_refresh_a1/LED_PIPE_refresh_a0
                         LDCE                                         r  gen_clkF_LED_PIPE_refresh_a1/latched_clk_en_reg/D
  -------------------------------------------------------------------    -------------------

                         (clock clk fall edge)        5.000     5.000 f  
    Y9                                                0.000     5.000 f  clk (IN)
                         net (fo=0)                   0.000     5.000    clk
    Y9                   IBUF (Prop_ibuf_I_O)         1.420     6.420 f  clk_IBUF_inst/O
                         net (fo=2, unplaced)         0.760     7.179    clk_IBUF
                         BUFG (Prop_bufg_I_O)         0.091     7.270 f  clk_IBUF_BUFG_inst/O
                         net (fo=50, unplaced)        0.439     7.709    gen_clkF_LED_PIPE_refresh_a1/clk_IBUF_BUFG
                         LDCE                                         r  gen_clkF_LED_PIPE_refresh_a1/latched_clk_en_reg/G  (IS_INVERTED)
                         clock pessimism              0.121     7.830    
                         clock uncertainty           -0.035     7.795    
                         time borrowed                0.827     8.622    
  -------------------------------------------------------------------
                         required time                          8.622    
                         arrival time                          -8.622    
  -------------------------------------------------------------------
                         slack                                  0.000    





Min Delay Paths
--------------------------------------------------------------------------------------
Slack (VIOLATED) :        -1.063ns  (arrival time - required time)
  Source:                 reset
                            (input port clocked by clk  {rise@0.000ns fall@5.000ns period=10.000ns})
  Destination:            LED_PIPE_rst1_a1_reg/D
                            (rising edge-triggered cell FDRE clocked by clk  {rise@0.000ns fall@5.000ns period=10.000ns})
  Path Group:             clk
  Path Type:              Hold (Min at Slow Process Corner)
  Requirement:            0.000ns  (clk rise@0.000ns - clk rise@0.000ns)
  Data Path Delay:        2.176ns  (logic 1.416ns (65.084%)  route 0.760ns (34.916%))
  Logic Levels:           1  (IBUF=1)
  Input Delay:            0.000ns
  Clock Path Skew:        2.975ns (DCD - SCD - CPR)
    Destination Clock Delay (DCD):    2.975ns
    Source Clock Delay      (SCD):    0.000ns
    Clock Pessimism Removal (CPR):    -0.000ns
  Clock Uncertainty:      0.035ns  ((TSJ^2 + TIJ^2)^1/2 + DJ) / 2 + PE
    Total System Jitter     (TSJ):    0.071ns
    Total Input Jitter      (TIJ):    0.000ns
    Discrete Jitter          (DJ):    0.000ns
    Phase Error              (PE):    0.000ns

    Location             Delay type                Incr(ns)  Path(ns)    Netlist Resource(s)
  -------------------------------------------------------------------    -------------------
                         (clock clk rise edge)        0.000     0.000 r  
                         input delay                  0.000     0.000    
    F22                                               0.000     0.000 r  reset (IN)
                         net (fo=0)                   0.000     0.000    reset
    F22                  IBUF (Prop_ibuf_I_O)         1.416     1.416 r  reset_IBUF_inst/O
                         net (fo=17, unplaced)        0.760     2.176    reset_IBUF
                         FDRE                                         r  LED_PIPE_rst1_a1_reg/D
  -------------------------------------------------------------------    -------------------

                         (clock clk rise edge)        0.000     0.000 r  
    Y9                                                0.000     0.000 r  clk (IN)
                         net (fo=0)                   0.000     0.000    clk
    Y9                   IBUF (Prop_ibuf_I_O)         1.490     1.490 r  clk_IBUF_inst/O
                         net (fo=2, unplaced)         0.800     2.290    clk_IBUF
                         BUFG (Prop_bufg_I_O)         0.101     2.391 r  clk_IBUF_BUFG_inst/O
                         net (fo=50, unplaced)        0.584     2.975    clk_IBUF_BUFG
                         FDRE                                         r  LED_PIPE_rst1_a1_reg/C
                         clock pessimism              0.000     2.975    
                         clock uncertainty            0.035     3.010    
                         FDRE (Hold_fdre_C_D)         0.228     3.238    LED_PIPE_rst1_a1_reg
  -------------------------------------------------------------------
                         required time                         -3.238    
                         arrival time                           2.176    
  -------------------------------------------------------------------
                         slack                                 -1.063    





Pulse Width Checks
--------------------------------------------------------------------------------------
Clock Name:         clk
Waveform(ns):       { 0.000 5.000 }
Period(ns):         10.000
Sources:            { clk }

Check Type        Corner  Lib Pin  Reference Pin  Required(ns)  Actual(ns)  Slack(ns)  Location  Pin
Min Period        n/a     BUFG/I   n/a            2.155         10.000      7.845                clk_IBUF_BUFG_inst/I
Low Pulse Width   Slow    FDSE/C   n/a            0.500         5.000       4.500                LED_PIPE_Leds_a0_reg[0]/C
High Pulse Width  Slow    FDSE/C   n/a            0.500         5.000       4.500                LED_PIPE_Leds_a0_reg[0]/C



