Copyright 1986-2020 Xilinx, Inc. All Rights Reserved.
---------------------------------------------------------------------------------------------------------------------------------------
| Tool Version : Vivado v.2020.2 (lin64) Build 3064766 Wed Nov 18 09:12:47 MST 2020
| Date         : Sat Oct 30 00:30:13 2021
| Host         : DESKTOP-D80LUPK running 64-bit Ubuntu 20.04.3 LTS
| Command      : report_timing_summary -file ./out/led_counter/xc7a35tftg256-1/led_counter/place/reports/post_place_timing_summary.rpt
| Design       : top
| Device       : 7a35t-ftg256
| Speed File   : -1  PRODUCTION 1.23 2018-06-13
---------------------------------------------------------------------------------------------------------------------------------------

Timing Summary Report

------------------------------------------------------------------------------------------------
| Timer Settings
| --------------
------------------------------------------------------------------------------------------------

  Enable Multi Corner Analysis               :  Yes
  Enable Pessimism Removal                   :  Yes
  Pessimism Removal Resolution               :  Nearest Common Node
  Enable Input Delay Default Clock           :  No
  Enable Preset / Clear Arcs                 :  No
  Disable Flight Delays                      :  No
  Ignore I/O Paths                           :  No
  Timing Early Launch at Borrowing Latches   :  No
  Borrow Time for Max Delay Exceptions       :  Yes
  Merge Timing Exceptions                    :  Yes

  Corner  Analyze    Analyze    
  Name    Max Paths  Min Paths  
  ------  ---------  ---------  
  Slow    Yes        Yes        
  Fast    Yes        Yes        



check_timing report

Table of Contents
-----------------
1. checking no_clock (0)
2. checking constant_clock (0)
3. checking pulse_width_clock (0)
4. checking unconstrained_internal_endpoints (0)
5. checking no_input_delay (0)
6. checking no_output_delay (16)
7. checking multiple_clock (0)
8. checking generated_clocks (0)
9. checking loops (0)
10. checking partial_input_delay (0)
11. checking partial_output_delay (0)
12. checking latch_loops (0)

1. checking no_clock (0)
------------------------
 There are 0 register/latch pins with no clock.


2. checking constant_clock (0)
------------------------------
 There are 0 register/latch pins with constant_clock.


3. checking pulse_width_clock (0)
---------------------------------
 There are 0 register/latch pins which need pulse_width check


4. checking unconstrained_internal_endpoints (0)
------------------------------------------------
 There are 0 pins that are not constrained for maximum delay.

 There are 0 pins that are not constrained for maximum delay due to constant clock.


5. checking no_input_delay (0)
------------------------------
 There are 0 input ports with no input delay specified.

 There are 0 input ports with no input delay but user has a false path constraint.


6. checking no_output_delay (16)
--------------------------------
 There are 16 ports with no output delay specified. (HIGH)

 There are 0 ports with no output delay but user has a false path constraint

 There are 0 ports with no output delay but with a timing clock defined on it or propagating through it


7. checking multiple_clock (0)
------------------------------
 There are 0 register/latch pins with multiple clocks.


8. checking generated_clocks (0)
--------------------------------
 There are 0 generated clocks that are not connected to a clock source.


9. checking loops (0)
---------------------
 There are 0 combinational loops in the design.


10. checking partial_input_delay (0)
------------------------------------
 There are 0 input ports with partial input delay specified.


11. checking partial_output_delay (0)
-------------------------------------
 There are 0 ports with partial output delay specified.


12. checking latch_loops (0)
----------------------------
 There are 0 combinational latch loops in the design through latch input



------------------------------------------------------------------------------------------------
| Design Timing Summary
| ---------------------
------------------------------------------------------------------------------------------------

    WNS(ns)      TNS(ns)  TNS Failing Endpoints  TNS Total Endpoints      WHS(ns)      THS(ns)  THS Failing Endpoints  THS Total Endpoints     WPWS(ns)     TPWS(ns)  TPWS Failing Endpoints  TPWS Total Endpoints  
    -------      -------  ---------------------  -------------------      -------      -------  ---------------------  -------------------     --------     --------  ----------------------  --------------------  
      0.261        0.000                      0                  114       -3.111      -39.391                     33                  114        4.500        0.000                       0                    67  


Timing constraints are not met.


------------------------------------------------------------------------------------------------
| Clock Summary
| -------------
------------------------------------------------------------------------------------------------

Clock  Waveform(ns)       Period(ns)      Frequency(MHz)
-----  ------------       ----------      --------------
clk    {0.000 5.000}      10.000          100.000         


------------------------------------------------------------------------------------------------
| Intra Clock Table
| -----------------
------------------------------------------------------------------------------------------------

Clock             WNS(ns)      TNS(ns)  TNS Failing Endpoints  TNS Total Endpoints      WHS(ns)      THS(ns)  THS Failing Endpoints  THS Total Endpoints     WPWS(ns)     TPWS(ns)  TPWS Failing Endpoints  TPWS Total Endpoints  
-----             -------      -------  ---------------------  -------------------      -------      -------  ---------------------  -------------------     --------     --------  ----------------------  --------------------  
clk                 0.261        0.000                      0                  114       -3.111      -39.391                     33                  114        4.500        0.000                       0                    67  


------------------------------------------------------------------------------------------------
| Inter Clock Table
| -----------------
------------------------------------------------------------------------------------------------

From Clock    To Clock          WNS(ns)      TNS(ns)  TNS Failing Endpoints  TNS Total Endpoints      WHS(ns)      THS(ns)  THS Failing Endpoints  THS Total Endpoints  
----------    --------          -------      -------  ---------------------  -------------------      -------      -------  ---------------------  -------------------  


------------------------------------------------------------------------------------------------
| Other Path Groups Table
| -----------------------
------------------------------------------------------------------------------------------------

Path Group    From Clock    To Clock          WNS(ns)      TNS(ns)  TNS Failing Endpoints  TNS Total Endpoints      WHS(ns)      THS(ns)  THS Failing Endpoints  THS Total Endpoints  
----------    ----------    --------          -------      -------  ---------------------  -------------------      -------      -------  ---------------------  -------------------  


------------------------------------------------------------------------------------------------
| Timing Details
| --------------
------------------------------------------------------------------------------------------------


---------------------------------------------------------------------------------------------------
From Clock:  clk
  To Clock:  clk

Setup :            0  Failing Endpoints,  Worst Slack        0.261ns,  Total Violation        0.000ns
Hold  :           33  Failing Endpoints,  Worst Slack       -3.111ns,  Total Violation      -39.391ns
PW    :            0  Failing Endpoints,  Worst Slack        4.500ns,  Total Violation        0.000ns
---------------------------------------------------------------------------------------------------


Max Delay Paths
--------------------------------------------------------------------------------------
Slack (MET) :             0.261ns  (required time - arrival time)
  Source:                 LED_PIPE_count1_a1_reg[1]/C
                            (rising edge-triggered cell FDRE clocked by clk  {rise@0.000ns fall@5.000ns period=10.000ns})
  Destination:            gen_clkF_LED_PIPE_refresh_a1/latched_clk_en_reg/D
                            (negative level-sensitive latch clocked by clk  {rise@0.000ns fall@5.000ns period=10.000ns})
  Path Group:             clk
  Path Type:              Setup (Max at Slow Process Corner)
  Requirement:            5.000ns  (clk fall@5.000ns - clk rise@0.000ns)
  Data Path Delay:        4.676ns  (logic 2.260ns (48.332%)  route 2.416ns (51.668%))
  Logic Levels:           8  (CARRY4=5 LUT4=2 LUT6=1)
  Clock Path Skew:        -0.028ns (DCD - SCD + CPR)
    Destination Clock Delay (DCD):    4.930ns = ( 9.930 - 5.000 ) 
    Source Clock Delay      (SCD):    5.226ns
    Clock Pessimism Removal (CPR):    0.268ns
  Clock Uncertainty:      0.035ns  ((TSJ^2 + TIJ^2)^1/2 + DJ) / 2 + PE
    Total System Jitter     (TSJ):    0.071ns
    Total Input Jitter      (TIJ):    0.000ns
    Discrete Jitter          (DJ):    0.000ns
    Phase Error              (PE):    0.000ns

    Location             Delay type                Incr(ns)  Path(ns)    Netlist Resource(s)
  -------------------------------------------------------------------    -------------------
                         (clock clk rise edge)        0.000     0.000 r  
    N11                                               0.000     0.000 r  clk (IN)
                         net (fo=0)                   0.000     0.000    clk
    N11                  IBUF (Prop_ibuf_I_O)         1.519     1.519 r  clk_IBUF_inst/O
                         net (fo=2, estimated)        1.972     3.491    clk_IBUF
    BUFGCTRL_X0Y0        BUFG (Prop_bufg_I_O)         0.096     3.587 r  clk_IBUF_BUFG_inst/O
                         net (fo=50, estimated)       1.639     5.226    clk_IBUF_BUFG
    SLICE_X1Y8           FDRE                                         r  LED_PIPE_count1_a1_reg[1]/C
  -------------------------------------------------------------------    -------------------
    SLICE_X1Y8           FDRE (Prop_fdre_C_Q)         0.456     5.682 r  LED_PIPE_count1_a1_reg[1]/Q
                         net (fo=2, estimated)        0.604     6.286    LED_PIPE_count1_a1[1]
    SLICE_X1Y8           CARRY4 (Prop_carry4_S[0]_CO[3])
                                                      0.656     6.942 r  LED_PIPE_count1_a1_reg[4]_i_1/CO[3]
                         net (fo=1, estimated)        0.000     6.942    LED_PIPE_count1_a1_reg[4]_i_1_n_0
    SLICE_X1Y9           CARRY4 (Prop_carry4_CI_CO[3])
                                                      0.114     7.056 r  LED_PIPE_count1_a1_reg[8]_i_1/CO[3]
                         net (fo=1, estimated)        0.000     7.056    LED_PIPE_count1_a1_reg[8]_i_1_n_0
    SLICE_X1Y10          CARRY4 (Prop_carry4_CI_CO[3])
                                                      0.114     7.170 r  LED_PIPE_count1_a1_reg[12]_i_1/CO[3]
                         net (fo=1, estimated)        0.000     7.170    LED_PIPE_count1_a1_reg[12]_i_1_n_0
    SLICE_X1Y11          CARRY4 (Prop_carry4_CI_CO[3])
                                                      0.114     7.284 r  LED_PIPE_count1_a1_reg[16]_i_1/CO[3]
                         net (fo=1, estimated)        0.000     7.284    LED_PIPE_count1_a1_reg[16]_i_1_n_0
    SLICE_X1Y12          CARRY4 (Prop_carry4_CI_O[2])
                                                      0.256     7.540 r  LED_PIPE_count1_a1_reg[20]_i_1/O[2]
                         net (fo=2, estimated)        0.946     8.486    gen_clkF_LED_PIPE_refresh_a1/latched_clk_en_reg_i_3_1[2]
    SLICE_X3Y11          LUT6 (Prop_lut6_I0_O)        0.302     8.788 r  gen_clkF_LED_PIPE_refresh_a1/latched_clk_en_reg_i_8/O
                         net (fo=1, estimated)        0.574     9.362    gen_clkF_LED_PIPE_refresh_a1/latched_clk_en_reg_i_8_n_0
    SLICE_X3Y12          LUT4 (Prop_lut4_I2_O)        0.124     9.486 r  gen_clkF_LED_PIPE_refresh_a1/latched_clk_en_reg_i_3/O
                         net (fo=1, estimated)        0.292     9.778    gen_clkF_LED_PIPE_refresh_a1/latched_clk_en_reg_i_3_n_0
    SLICE_X0Y12          LUT4 (Prop_lut4_I0_O)        0.124     9.902 r  gen_clkF_LED_PIPE_refresh_a1/latched_clk_en_reg_i_1/O
                         net (fo=1, routed)           0.000     9.902    gen_clkF_LED_PIPE_refresh_a1/LED_PIPE_refresh_a0
    SLICE_X0Y12          LDCE                                         r  gen_clkF_LED_PIPE_refresh_a1/latched_clk_en_reg/D
  -------------------------------------------------------------------    -------------------

                         (clock clk fall edge)        5.000     5.000 f  
    N11                                               0.000     5.000 f  clk (IN)
                         net (fo=0)                   0.000     5.000    clk
    N11                  IBUF (Prop_ibuf_I_O)         1.448     6.448 f  clk_IBUF_inst/O
                         net (fo=2, estimated)        1.873     8.321    clk_IBUF
    BUFGCTRL_X0Y0        BUFG (Prop_bufg_I_O)         0.091     8.412 f  clk_IBUF_BUFG_inst/O
                         net (fo=50, estimated)       1.518     9.930    gen_clkF_LED_PIPE_refresh_a1/clk_IBUF_BUFG
    SLICE_X0Y12          LDCE                                         r  gen_clkF_LED_PIPE_refresh_a1/latched_clk_en_reg/G  (IS_INVERTED)
                         clock pessimism              0.268    10.198    
                         clock uncertainty           -0.035    10.163    
  -------------------------------------------------------------------
                         required time                         10.163    
                         arrival time                          -9.902    
  -------------------------------------------------------------------
                         slack                                  0.261    





Min Delay Paths
--------------------------------------------------------------------------------------
Slack (VIOLATED) :        -3.111ns  (arrival time - required time)
  Source:                 reset
                            (input port clocked by clk  {rise@0.000ns fall@5.000ns period=10.000ns})
  Destination:            LED_PIPE_rst1_a1_reg/D
                            (rising edge-triggered cell FDRE clocked by clk  {rise@0.000ns fall@5.000ns period=10.000ns})
  Path Group:             clk
  Path Type:              Hold (Min at Slow Process Corner)
  Requirement:            0.000ns  (clk rise@0.000ns - clk rise@0.000ns)
  Data Path Delay:        2.338ns  (logic 1.465ns (62.657%)  route 0.873ns (37.343%))
  Logic Levels:           1  (IBUF=1)
  Input Delay:            0.000ns
  Clock Path Skew:        5.222ns (DCD - SCD - CPR)
    Destination Clock Delay (DCD):    5.222ns
    Source Clock Delay      (SCD):    0.000ns
    Clock Pessimism Removal (CPR):    -0.000ns
  Clock Uncertainty:      0.035ns  ((TSJ^2 + TIJ^2)^1/2 + DJ) / 2 + PE
    Total System Jitter     (TSJ):    0.071ns
    Total Input Jitter      (TIJ):    0.000ns
    Discrete Jitter          (DJ):    0.000ns
    Phase Error              (PE):    0.000ns

    Location             Delay type                Incr(ns)  Path(ns)    Netlist Resource(s)
  -------------------------------------------------------------------    -------------------
                         (clock clk rise edge)        0.000     0.000 r  
                         input delay                  0.000     0.000    
    M6                                                0.000     0.000 r  reset (IN)
                         net (fo=0)                   0.000     0.000    reset
    M6                   IBUF (Prop_ibuf_I_O)         1.465     1.465 r  reset_IBUF_inst/O
                         net (fo=17, estimated)       0.873     2.338    reset_IBUF
    SLICE_X0Y13          FDRE                                         r  LED_PIPE_rst1_a1_reg/D
  -------------------------------------------------------------------    -------------------

                         (clock clk rise edge)        0.000     0.000 r  
    N11                                               0.000     0.000 r  clk (IN)
                         net (fo=0)                   0.000     0.000    clk
    N11                  IBUF (Prop_ibuf_I_O)         1.519     1.519 r  clk_IBUF_inst/O
                         net (fo=2, estimated)        1.972     3.491    clk_IBUF
    BUFGCTRL_X0Y0        BUFG (Prop_bufg_I_O)         0.096     3.587 r  clk_IBUF_BUFG_inst/O
                         net (fo=50, estimated)       1.635     5.222    clk_IBUF_BUFG
    SLICE_X0Y13          FDRE                                         r  LED_PIPE_rst1_a1_reg/C
                         clock pessimism              0.000     5.222    
                         clock uncertainty            0.035     5.257    
    SLICE_X0Y13          FDRE (Hold_fdre_C_D)         0.192     5.449    LED_PIPE_rst1_a1_reg
  -------------------------------------------------------------------
                         required time                         -5.449    
                         arrival time                           2.338    
  -------------------------------------------------------------------
                         slack                                 -3.111    





Pulse Width Checks
--------------------------------------------------------------------------------------
Clock Name:         clk
Waveform(ns):       { 0.000 5.000 }
Period(ns):         10.000
Sources:            { clk }

Check Type        Corner  Lib Pin  Reference Pin  Required(ns)  Actual(ns)  Slack(ns)  Location       Pin
Min Period        n/a     BUFG/I   n/a            2.155         10.000      7.845      BUFGCTRL_X0Y0  clk_IBUF_BUFG_inst/I
Low Pulse Width   Slow    FDSE/C   n/a            0.500         5.000       4.500      SLICE_X3Y12    LED_PIPE_Leds_a0_reg[0]/C
High Pulse Width  Slow    FDRE/C   n/a            0.500         5.000       4.500      SLICE_X1Y12    LED_PIPE_count1_a1_reg[17]/C



